
[2025-07-29T09:18:32.258Z] Failed to parse URL from /api/tasks
TypeError: Failed to parse URL from /api/tasks
    at new Request (node:internal/deps/undici/undici:9278:19)
    at dedupeFetch (webpack-internal:///(rsc)/./node_modules/next/dist/server/lib/dedupe-fetch.js:103:87)
    at doOriginalFetch (webpack-internal:///(rsc)/./node_modules/next/dist/server/lib/patch-fetch.js:444:24)
    at eval (webpack-internal:///(rsc)/./node_modules/next/dist/server/lib/patch-fetch.js:724:24)
    at eval (webpack-internal:///(rsc)/./node_modules/next/dist/server/lib/trace/tracer.js:161:36)
    at NoopContextManager.with (webpack-internal:///(rsc)/./node_modules/next/dist/compiled/@opentelemetry/api/index.js:1:7062)
    at ContextAPI.with (webpack-internal:///(rsc)/./node_modules/next/dist/compiled/@opentelemetry/api/index.js:1:518)
    at NoopTracer.startActiveSpan (webpack-internal:///(rsc)/./node_modules/next/dist/compiled/@opentelemetry/api/index.js:1:18093)
    at ProxyTracer.startActiveSpan (webpack-internal:///(rsc)/./node_modules/next/dist/compiled/@opentelemetry/api/index.js:1:18854)
    at eval (webpack-internal:///(rsc)/./node_modules/next/dist/server/lib/trace/tracer.js:143:103)
    at NoopContextManager.with (webpack-internal:///(rsc)/./node_modules/next/dist/compiled/@opentelemetry/api/index.js:1:7062)
    at ContextAPI.with (webpack-internal:///(rsc)/./node_modules/next/dist/compiled/@opentelemetry/api/index.js:1:518)
    at NextTracerImpl.trace (webpack-internal:///(rsc)/./node_modules/next/dist/server/lib/trace/tracer.js:143:28)
    at fetch (webpack-internal:///(rsc)/./node_modules/next/dist/server/lib/patch-fetch.js:147:49)
    at createTaskFromAI (webpack-internal:///(rsc)/./src/app/aichat/createTaskFromAI.ts:7:23)
    at POST (webpack-internal:///(rsc)/./src/app/api/ai-chat/route.ts:80:121)
    at process.processTicksAndRejections (node:internal/process/task_queues:95:5)
    at async AppRouteRouteModule.do (C:\Downloads-Present\TaskMaster\tmr\node_modules\next\dist\compiled\next-server\app-route.runtime.dev.js:5:38782)
    at async AppRouteRouteModule.handle (C:\Downloads-Present\TaskMaster\tmr\node_modules\next\dist\compiled\next-server\app-route.runtime.dev.js:5:45984)
    at async responseGenerator (webpack-internal:///(rsc)/./node_modules/next/dist/build/webpack/loaders/next-app-loader/index.js?name=app%2Fapi%2Fai-chat%2Froute&page=%2Fapi%2Fai-chat%2Froute&appPaths=&pagePath=private-next-app-dir%2Fapi%2Fai-chat%2Froute.ts&appDir=C%3A%5CDownloads-Present%5CTaskMaster%5Ctmr%5Csrc%5Capp&pageExtensions=tsx&pageExtensions=ts&pageExtensions=jsx&pageExtensions=js&rootDir=C%3A%5CDownloads-Present%5CTaskMaster%5Ctmr&isDev=true&tsconfigPath=tsconfig.json&basePath=&assetPrefix=&nextConfigOutput=&preferredRegion=&middlewareConfig=e30%3D&isGlobalNotFoundEnabled=!:203:38)
    at async AppRouteRouteModule.handleResponse (C:\Downloads-Present\TaskMaster\tmr\node_modules\next\dist\compiled\next-server\app-route.runtime.dev.js:1:183647)
    at async handleResponse (webpack-internal:///(rsc)/./node_modules/next/dist/build/webpack/loaders/next-app-loader/index.js?name=app%2Fapi%2Fai-chat%2Froute&page=%2Fapi%2Fai-chat%2Froute&appPaths=&pagePath=private-next-app-dir%2Fapi%2Fai-chat%2Froute.ts&appDir=C%3A%5CDownloads-Present%5CTaskMaster%5Ctmr%5Csrc%5Capp&pageExtensions=tsx&pageExtensions=ts&pageExtensions=jsx&pageExtensions=js&rootDir=C%3A%5CDownloads-Present%5CTaskMaster%5Ctmr&isDev=true&tsconfigPath=tsconfig.json&basePath=&assetPrefix=&nextConfigOutput=&preferredRegion=&middlewareConfig=e30%3D&isGlobalNotFoundEnabled=!:265:32)
    at async handler (webpack-internal:///(rsc)/./node_modules/next/dist/build/webpack/loaders/next-app-loader/index.js?name=app%2Fapi%2Fai-chat%2Froute&page=%2Fapi%2Fai-chat%2Froute&appPaths=&pagePath=private-next-app-dir%2Fapi%2Fai-chat%2Froute.ts&appDir=C%3A%5CDownloads-Present%5CTaskMaster%5Ctmr%5Csrc%5Capp&pageExtensions=tsx&pageExtensions=ts&pageExtensions=jsx&pageExtensions=js&rootDir=C%3A%5CDownloads-Present%5CTaskMaster%5Ctmr&isDev=true&tsconfigPath=tsconfig.json&basePath=&assetPrefix=&nextConfigOutput=&preferredRegion=&middlewareConfig=e30%3D&isGlobalNotFoundEnabled=!:317:13)
    at async doRender (C:\Downloads-Present\TaskMaster\tmr\node_modules\next\dist\server\base-server.js:1586:34)
    at async DevServer.renderToResponseWithComponentsImpl (C:\Downloads-Present\TaskMaster\tmr\node_modules\next\dist\server\base-server.js:1928:13)
    at async DevServer.renderPageComponent (C:\Downloads-Present\TaskMaster\tmr\node_modules\next\dist\server\base-server.js:2394:24)
    at async DevServer.renderToResponseImpl (C:\Downloads-Present\TaskMaster\tmr\node_modules\next\dist\server\base-server.js:2434:32)
    at async DevServer.pipeImpl (C:\Downloads-Present\TaskMaster\tmr\node_modules\next\dist\server\base-server.js:1034:25)
    at async NextNodeServer.handleCatchallRenderRequest (C:\Downloads-Present\TaskMaster\tmr\node_modules\next\dist\server\next-server.js:393:17)
    at async DevServer.handleRequestImpl (C:\Downloads-Present\TaskMaster\tmr\node_modules\next\dist\server\base-server.js:925:17)
    at async C:\Downloads-Present\TaskMaster\tmr\node_modules\next\dist\server\dev\next-dev-server.js:398:20
    at async Span.traceAsyncFn (C:\Downloads-Present\TaskMaster\tmr\node_modules\next\dist\trace\trace.js:157:20)
    at async DevServer.handleRequest (C:\Downloads-Present\TaskMaster\tmr\node_modules\next\dist\server\dev\next-dev-server.js:394:24)
    at async invokeRender (C:\Downloads-Present\TaskMaster\tmr\node_modules\next\dist\server\lib\router-server.js:239:21)
    at async handleRequest (C:\Downloads-Present\TaskMaster\tmr\node_modules\next\dist\server\lib\router-server.js:436:24)
    at async requestHandlerImpl (C:\Downloads-Present\TaskMaster\tmr\node_modules\next\dist\server\lib\router-server.js:464:13)
    at async Server.requestListener (C:\Downloads-Present\TaskMaster\tmr\node_modules\next\dist\server\lib\start-server.js:218:13)

[2025-07-29T09:29:21.163Z] Failed to edit task: Internal Server Error
Error: Failed to edit task: Internal Server Error
    at editTaskFromAI (webpack-internal:///(rsc)/./src/app/aichat/editDeleteTaskFromAI.ts:40:15)
    at process.processTicksAndRejections (node:internal/process/task_queues:95:5)
    at async POST (webpack-internal:///(rsc)/./src/app/api/ai-chat/route.ts:202:40)
    at async AppRouteRouteModule.do (C:\Downloads-Present\TaskMaster\tmr\node_modules\next\dist\compiled\next-server\app-route.runtime.dev.js:5:38782)
    at async AppRouteRouteModule.handle (C:\Downloads-Present\TaskMaster\tmr\node_modules\next\dist\compiled\next-server\app-route.runtime.dev.js:5:45984)
    at async responseGenerator (webpack-internal:///(rsc)/./node_modules/next/dist/build/webpack/loaders/next-app-loader/index.js?name=app%2Fapi%2Fai-chat%2Froute&page=%2Fapi%2Fai-chat%2Froute&appPaths=&pagePath=private-next-app-dir%2Fapi%2Fai-chat%2Froute.ts&appDir=C%3A%5CDownloads-Present%5CTaskMaster%5Ctmr%5Csrc%5Capp&pageExtensions=tsx&pageExtensions=ts&pageExtensions=jsx&pageExtensions=js&rootDir=C%3A%5CDownloads-Present%5CTaskMaster%5Ctmr&isDev=true&tsconfigPath=tsconfig.json&basePath=&assetPrefix=&nextConfigOutput=&preferredRegion=&middlewareConfig=e30%3D&isGlobalNotFoundEnabled=!:203:38)
    at async AppRouteRouteModule.handleResponse (C:\Downloads-Present\TaskMaster\tmr\node_modules\next\dist\compiled\next-server\app-route.runtime.dev.js:1:183647)
    at async handleResponse (webpack-internal:///(rsc)/./node_modules/next/dist/build/webpack/loaders/next-app-loader/index.js?name=app%2Fapi%2Fai-chat%2Froute&page=%2Fapi%2Fai-chat%2Froute&appPaths=&pagePath=private-next-app-dir%2Fapi%2Fai-chat%2Froute.ts&appDir=C%3A%5CDownloads-Present%5CTaskMaster%5Ctmr%5Csrc%5Capp&pageExtensions=tsx&pageExtensions=ts&pageExtensions=jsx&pageExtensions=js&rootDir=C%3A%5CDownloads-Present%5CTaskMaster%5Ctmr&isDev=true&tsconfigPath=tsconfig.json&basePath=&assetPrefix=&nextConfigOutput=&preferredRegion=&middlewareConfig=e30%3D&isGlobalNotFoundEnabled=!:265:32)
    at async handler (webpack-internal:///(rsc)/./node_modules/next/dist/build/webpack/loaders/next-app-loader/index.js?name=app%2Fapi%2Fai-chat%2Froute&page=%2Fapi%2Fai-chat%2Froute&appPaths=&pagePath=private-next-app-dir%2Fapi%2Fai-chat%2Froute.ts&appDir=C%3A%5CDownloads-Present%5CTaskMaster%5Ctmr%5Csrc%5Capp&pageExtensions=tsx&pageExtensions=ts&pageExtensions=jsx&pageExtensions=js&rootDir=C%3A%5CDownloads-Present%5CTaskMaster%5Ctmr&isDev=true&tsconfigPath=tsconfig.json&basePath=&assetPrefix=&nextConfigOutput=&preferredRegion=&middlewareConfig=e30%3D&isGlobalNotFoundEnabled=!:317:13)
    at async doRender (C:\Downloads-Present\TaskMaster\tmr\node_modules\next\dist\server\base-server.js:1586:34)
    at async DevServer.renderToResponseWithComponentsImpl (C:\Downloads-Present\TaskMaster\tmr\node_modules\next\dist\server\base-server.js:1928:13)
    at async DevServer.renderPageComponent (C:\Downloads-Present\TaskMaster\tmr\node_modules\next\dist\server\base-server.js:2394:24)
    at async DevServer.renderToResponseImpl (C:\Downloads-Present\TaskMaster\tmr\node_modules\next\dist\server\base-server.js:2434:32)
    at async DevServer.pipeImpl (C:\Downloads-Present\TaskMaster\tmr\node_modules\next\dist\server\base-server.js:1034:25)
    at async NextNodeServer.handleCatchallRenderRequest (C:\Downloads-Present\TaskMaster\tmr\node_modules\next\dist\server\next-server.js:393:17)
    at async DevServer.handleRequestImpl (C:\Downloads-Present\TaskMaster\tmr\node_modules\next\dist\server\base-server.js:925:17)
    at async C:\Downloads-Present\TaskMaster\tmr\node_modules\next\dist\server\dev\next-dev-server.js:398:20
    at async Span.traceAsyncFn (C:\Downloads-Present\TaskMaster\tmr\node_modules\next\dist\trace\trace.js:157:20)
    at async DevServer.handleRequest (C:\Downloads-Present\TaskMaster\tmr\node_modules\next\dist\server\dev\next-dev-server.js:394:24)
    at async invokeRender (C:\Downloads-Present\TaskMaster\tmr\node_modules\next\dist\server\lib\router-server.js:239:21)
    at async handleRequest (C:\Downloads-Present\TaskMaster\tmr\node_modules\next\dist\server\lib\router-server.js:436:24)
    at async requestHandlerImpl (C:\Downloads-Present\TaskMaster\tmr\node_modules\next\dist\server\lib\router-server.js:464:13)
    at async Server.requestListener (C:\Downloads-Present\TaskMaster\tmr\node_modules\next\dist\server\lib\start-server.js:218:13)

[2025-07-29T09:29:29.883Z] Failed to edit task: Internal Server Error
Error: Failed to edit task: Internal Server Error
    at editTaskFromAI (webpack-internal:///(rsc)/./src/app/aichat/editDeleteTaskFromAI.ts:40:15)
    at process.processTicksAndRejections (node:internal/process/task_queues:95:5)
    at async POST (webpack-internal:///(rsc)/./src/app/api/ai-chat/route.ts:202:40)
    at async AppRouteRouteModule.do (C:\Downloads-Present\TaskMaster\tmr\node_modules\next\dist\compiled\next-server\app-route.runtime.dev.js:5:38782)
    at async AppRouteRouteModule.handle (C:\Downloads-Present\TaskMaster\tmr\node_modules\next\dist\compiled\next-server\app-route.runtime.dev.js:5:45984)
    at async responseGenerator (webpack-internal:///(rsc)/./node_modules/next/dist/build/webpack/loaders/next-app-loader/index.js?name=app%2Fapi%2Fai-chat%2Froute&page=%2Fapi%2Fai-chat%2Froute&appPaths=&pagePath=private-next-app-dir%2Fapi%2Fai-chat%2Froute.ts&appDir=C%3A%5CDownloads-Present%5CTaskMaster%5Ctmr%5Csrc%5Capp&pageExtensions=tsx&pageExtensions=ts&pageExtensions=jsx&pageExtensions=js&rootDir=C%3A%5CDownloads-Present%5CTaskMaster%5Ctmr&isDev=true&tsconfigPath=tsconfig.json&basePath=&assetPrefix=&nextConfigOutput=&preferredRegion=&middlewareConfig=e30%3D&isGlobalNotFoundEnabled=!:203:38)
    at async AppRouteRouteModule.handleResponse (C:\Downloads-Present\TaskMaster\tmr\node_modules\next\dist\compiled\next-server\app-route.runtime.dev.js:1:183647)
    at async handleResponse (webpack-internal:///(rsc)/./node_modules/next/dist/build/webpack/loaders/next-app-loader/index.js?name=app%2Fapi%2Fai-chat%2Froute&page=%2Fapi%2Fai-chat%2Froute&appPaths=&pagePath=private-next-app-dir%2Fapi%2Fai-chat%2Froute.ts&appDir=C%3A%5CDownloads-Present%5CTaskMaster%5Ctmr%5Csrc%5Capp&pageExtensions=tsx&pageExtensions=ts&pageExtensions=jsx&pageExtensions=js&rootDir=C%3A%5CDownloads-Present%5CTaskMaster%5Ctmr&isDev=true&tsconfigPath=tsconfig.json&basePath=&assetPrefix=&nextConfigOutput=&preferredRegion=&middlewareConfig=e30%3D&isGlobalNotFoundEnabled=!:265:32)
    at async handler (webpack-internal:///(rsc)/./node_modules/next/dist/build/webpack/loaders/next-app-loader/index.js?name=app%2Fapi%2Fai-chat%2Froute&page=%2Fapi%2Fai-chat%2Froute&appPaths=&pagePath=private-next-app-dir%2Fapi%2Fai-chat%2Froute.ts&appDir=C%3A%5CDownloads-Present%5CTaskMaster%5Ctmr%5Csrc%5Capp&pageExtensions=tsx&pageExtensions=ts&pageExtensions=jsx&pageExtensions=js&rootDir=C%3A%5CDownloads-Present%5CTaskMaster%5Ctmr&isDev=true&tsconfigPath=tsconfig.json&basePath=&assetPrefix=&nextConfigOutput=&preferredRegion=&middlewareConfig=e30%3D&isGlobalNotFoundEnabled=!:317:13)
    at async doRender (C:\Downloads-Present\TaskMaster\tmr\node_modules\next\dist\server\base-server.js:1586:34)
    at async DevServer.renderToResponseWithComponentsImpl (C:\Downloads-Present\TaskMaster\tmr\node_modules\next\dist\server\base-server.js:1928:13)
    at async DevServer.renderPageComponent (C:\Downloads-Present\TaskMaster\tmr\node_modules\next\dist\server\base-server.js:2394:24)
    at async DevServer.renderToResponseImpl (C:\Downloads-Present\TaskMaster\tmr\node_modules\next\dist\server\base-server.js:2434:32)
    at async DevServer.pipeImpl (C:\Downloads-Present\TaskMaster\tmr\node_modules\next\dist\server\base-server.js:1034:25)
    at async NextNodeServer.handleCatchallRenderRequest (C:\Downloads-Present\TaskMaster\tmr\node_modules\next\dist\server\next-server.js:393:17)
    at async DevServer.handleRequestImpl (C:\Downloads-Present\TaskMaster\tmr\node_modules\next\dist\server\base-server.js:925:17)
    at async C:\Downloads-Present\TaskMaster\tmr\node_modules\next\dist\server\dev\next-dev-server.js:398:20
    at async Span.traceAsyncFn (C:\Downloads-Present\TaskMaster\tmr\node_modules\next\dist\trace\trace.js:157:20)
    at async DevServer.handleRequest (C:\Downloads-Present\TaskMaster\tmr\node_modules\next\dist\server\dev\next-dev-server.js:394:24)
    at async invokeRender (C:\Downloads-Present\TaskMaster\tmr\node_modules\next\dist\server\lib\router-server.js:239:21)
    at async handleRequest (C:\Downloads-Present\TaskMaster\tmr\node_modules\next\dist\server\lib\router-server.js:436:24)
    at async requestHandlerImpl (C:\Downloads-Present\TaskMaster\tmr\node_modules\next\dist\server\lib\router-server.js:464:13)
    at async Server.requestListener (C:\Downloads-Present\TaskMaster\tmr\node_modules\next\dist\server\lib\start-server.js:218:13)
